[0m[[0mdebug[0m] [0mRunning TaskDef(bbdl.space.GetEndpointsSpec, org.scalatest.tools.Framework$$anon$1@1a94720d, false, [SuiteSelector])[0m
[0m[[0mdebug[0m] [0mRunning TaskDef(bbdl.space.GetRandomDirectionSpec, org.scalatest.tools.Framework$$anon$1@1a94720d, false, [SuiteSelector])[0m
[0m[[0mdebug[0m] [0mRunning TaskDef(bbdl.space.OrthoSpec, org.scalatest.tools.Framework$$anon$1@1a94720d, false, [SuiteSelector])[0m
[0m[[0mdebug[0m] [0mRunning TaskDef(bbdl.space.BasisSpec, org.scalatest.tools.Framework$$anon$1@1a94720d, false, [SuiteSelector])[0m
[0m[[0mdebug[0m] [0mSummary for ScalaCheck not available.[0m
[0m[[0minfo[0m] [0mScalaTest[0m
[0m[[0minfo[0m] [0m[36mRun completed in 655 milliseconds.[0m[0m
[0m[[0minfo[0m] [0m[36mTotal number of tests run: 6[0m[0m
[0m[[0minfo[0m] [0m[36mSuites: completed 4, aborted 0[0m[0m
[0m[[0minfo[0m] [0m[36mTests: succeeded 4, failed 2, canceled 0, ignored 0, pending 0[0m[0m
[0m[[0minfo[0m] [0m[31m*** 2 TESTS FAILED ***[0m[0m
[0m[[31merror[0m] [0mFailed: Total 6, Failed 2, Errors 0, Passed 4[0m
[0m[[0mdebug[0m] [0mPassed tests:[0m
[0m[[0mdebug[0m] [0m	bbdl.space.OrthoSpec[0m
[0m[[0mdebug[0m] [0m	bbdl.space.GetEndpointsSpec[0m
[0m[[0mdebug[0m] [0m	bbdl.space.GetRandomDirectionSpec[0m
[0m[[31merror[0m] [0mFailed tests:[0m
[0m[[31merror[0m] [0m	bbdl.space.BasisSpec[0m
[0m[[31merror[0m] [0m(test:[31mtest[0m) sbt.TestsFailedException: Tests unsuccessful[0m
